-outxml
-source
1.6
-target
1.6
-classpath
C:\Documents and Settings\ahmed\.m2\repository\antlr\antlr\2.7.6\antlr-2.7.6.jar;C:\Documents and Settings\ahmed\.m2\repository\aopalliance\aopalliance\1.0\aopalliance-1.0.jar;C:\Documents and Settings\ahmed\.m2\repository\asm\asm\3.1\asm-3.1.jar;C:\Documents and Settings\ahmed\.m2\repository\cglib\cglib-nodep\2.2\cglib-nodep-2.2.jar;C:\Documents and Settings\ahmed\.m2\repository\com\drewnoakes\metadata-extractor\2.4.0-beta-1\metadata-extractor-2.4.0-beta-1.jar;C:\Documents and Settings\ahmed\.m2\repository\commons-beanutils\commons-beanutils\1.8.0\commons-beanutils-1.8.0.jar;C:\Documents and Settings\ahmed\.m2\repository\commons-collections\commons-collections\3.1\commons-collections-3.1.jar;C:\Documents and Settings\ahmed\.m2\repository\commons-dbcp\commons-dbcp\1.3\commons-dbcp-1.3.jar;C:\Documents and Settings\ahmed\.m2\repository\commons-digester\commons-digester\2.0\commons-digester-2.0.jar;C:\Documents and Settings\ahmed\.m2\repository\commons-fileupload\commons-fileupload\1.2.1\commons-fileupload-1.2.1.jar;C:\Documents and Settings\ahmed\.m2\repository\commons-io\commons-io\2.0\commons-io-2.0.jar;C:\Documents and Settings\ahmed\.m2\repository\commons-logging\commons-logging\1.1.1\commons-logging-1.1.1.jar;C:\Documents and Settings\ahmed\.m2\repository\commons-pool\commons-pool\1.5.4\commons-pool-1.5.4.jar;C:\Documents and Settings\ahmed\.m2\repository\dom4j\dom4j\1.6.1\dom4j-1.6.1.jar;C:\Documents and Settings\ahmed\.m2\repository\javassist\javassist\3.9.0.GA\javassist-3.9.0.GA.jar;C:\Documents and Settings\ahmed\.m2\repository\javax\el\el-api\1.0\el-api-1.0.jar;C:\Documents and Settings\ahmed\.m2\repository\javax\servlet\jstl\1.2\jstl-1.2.jar;C:\Documents and Settings\ahmed\.m2\repository\javax\servlet\servlet-api\2.5\servlet-api-2.5.jar;C:\Documents and Settings\ahmed\.m2\repository\javax\servlet\jsp\jsp-api\2.1\jsp-api-2.1.jar;C:\Documents and Settings\ahmed\.m2\repository\javax\transaction\jta\1.1\jta-1.1.jar;C:\Documents and Settings\ahmed\.m2\repository\javax\validation\validation-api\1.0.0.GA\validation-api-1.0.0.GA.jar;C:\Documents and Settings\ahmed\.m2\repository\joda-time\joda-time\1.6\joda-time-1.6.jar;C:\Documents and Settings\ahmed\.m2\repository\log4j\log4j\1.2.16\log4j-1.2.16.jar;C:\Documents and Settings\ahmed\.m2\repository\mysql\mysql-connector-java\5.1.13\mysql-connector-java-5.1.13.jar;C:\Documents and Settings\ahmed\.m2\repository\net\sf\flexjson\flexjson\2.0\flexjson-2.0.jar;C:\Documents and Settings\ahmed\.m2\repository\net\sf\opencsv\opencsv\2.0\opencsv-2.0.jar;C:\Documents and Settings\ahmed\.m2\repository\org\apache\commons\commons-compress\1.0\commons-compress-1.0.jar;C:\Documents and Settings\ahmed\.m2\repository\org\apache\geronimo\specs\geronimo-stax-api_1.0_spec\1.0.1\geronimo-stax-api_1.0_spec-1.0.1.jar;C:\Documents and Settings\ahmed\.m2\repository\org\apache\pdfbox\fontbox\1.1.0\fontbox-1.1.0.jar;C:\Documents and Settings\ahmed\.m2\repository\org\apache\pdfbox\jempbox\1.1.0\jempbox-1.1.0.jar;C:\Documents and Settings\ahmed\.m2\repository\org\apache\pdfbox\pdfbox\1.1.0\pdfbox-1.1.0.jar;C:\Documents and Settings\ahmed\.m2\repository\org\apache\poi\poi\3.6\poi-3.6.jar;C:\Documents and Settings\ahmed\.m2\repository\org\apache\poi\poi-ooxml\3.6\poi-ooxml-3.6.jar;C:\Documents and Settings\ahmed\.m2\repository\org\apache\poi\poi-ooxml-schemas\3.6\poi-ooxml-schemas-3.6.jar;C:\Documents and Settings\ahmed\.m2\repository\org\apache\poi\poi-scratchpad\3.6\poi-scratchpad-3.6.jar;C:\Documents and Settings\ahmed\.m2\repository\org\apache\tika\tika-core\0.7\tika-core-0.7.jar;C:\Documents and Settings\ahmed\.m2\repository\org\apache\tika\tika-parsers\0.7\tika-parsers-0.7.jar;C:\Documents and Settings\ahmed\.m2\repository\org\apache\tiles\tiles-api\2.2.1\tiles-api-2.2.1.jar;C:\Documents and Settings\ahmed\.m2\repository\org\apache\tiles\tiles-core\2.2.1\tiles-core-2.2.1.jar;C:\Documents and Settings\ahmed\.m2\repository\org\apache\tiles\tiles-jsp\2.2.1\tiles-jsp-2.2.1.jar;C:\Documents and Settings\ahmed\.m2\repository\org\apache\tiles\tiles-servlet\2.2.1\tiles-servlet-2.2.1.jar;C:\Documents and Settings\ahmed\.m2\repository\org\apache\tiles\tiles-template\2.2.1\tiles-template-2.2.1.jar;C:\Documents and Settings\ahmed\.m2\repository\org\apache\xmlbeans\xmlbeans\2.3.0\xmlbeans-2.3.0.jar;C:\Documents and Settings\ahmed\.m2\repository\org\aspectj\aspectjrt\1.6.10.M1\aspectjrt-1.6.10.M1.jar;C:\Documents and Settings\ahmed\.m2\repository\org\bouncycastle\bcmail-jdk15\1.45\bcmail-jdk15-1.45.jar;C:\Documents and Settings\ahmed\.m2\repository\org\bouncycastle\bcprov-jdk15\1.45\bcprov-jdk15-1.45.jar;C:\Documents and Settings\ahmed\.m2\repository\org\ccil\cowan\tagsoup\tagsoup\1.2\tagsoup-1.2.jar;C:\Documents and Settings\ahmed\.m2\repository\org\hibernate\hibernate-annotations\3.5.5-Final\hibernate-annotations-3.5.5-Final.jar;C:\Documents and Settings\ahmed\.m2\repository\org\hibernate\hibernate-commons-annotations\3.2.0.Final\hibernate-commons-annotations-3.2.0.Final.jar;C:\Documents and Settings\ahmed\.m2\repository\org\hibernate\hibernate-core\3.5.5-Final\hibernate-core-3.5.5-Final.jar;C:\Documents and Settings\ahmed\.m2\repository\org\hibernate\hibernate-entitymanager\3.5.5-Final\hibernate-entitymanager-3.5.5-Final.jar;C:\Documents and Settings\ahmed\.m2\repository\org\hibernate\hibernate-validator\4.1.0.Final\hibernate-validator-4.1.0.Final.jar;C:\Documents and Settings\ahmed\.m2\repository\org\hibernate\javax\persistence\hibernate-jpa-2.0-api\1.0.0.Final\hibernate-jpa-2.0-api-1.0.0.Final.jar;C:\Documents and Settings\ahmed\.m2\repository\org\slf4j\jcl-over-slf4j\1.6.1\jcl-over-slf4j-1.6.1.jar;C:\Documents and Settings\ahmed\.m2\repository\org\slf4j\slf4j-api\1.6.1\slf4j-api-1.6.1.jar;C:\Documents and Settings\ahmed\.m2\repository\org\slf4j\slf4j-log4j12\1.6.1\slf4j-log4j12-1.6.1.jar;C:\Documents and Settings\ahmed\.m2\repository\org\springframework\spring-aop\3.0.4.RELEASE\spring-aop-3.0.4.RELEASE.jar;C:\Documents and Settings\ahmed\.m2\repository\org\springframework\spring-asm\3.0.4.RELEASE\spring-asm-3.0.4.RELEASE.jar;C:\Documents and Settings\ahmed\.m2\repository\org\springframework\spring-aspects\3.0.4.RELEASE\spring-aspects-3.0.4.RELEASE.jar;C:\Documents and Settings\ahmed\.m2\repository\org\springframework\spring-beans\3.0.4.RELEASE\spring-beans-3.0.4.RELEASE.jar;C:\Documents and Settings\ahmed\.m2\repository\org\springframework\spring-context\3.0.4.RELEASE\spring-context-3.0.4.RELEASE.jar;C:\Documents and Settings\ahmed\.m2\repository\org\springframework\spring-context-support\3.0.4.RELEASE\spring-context-support-3.0.4.RELEASE.jar;C:\Documents and Settings\ahmed\.m2\repository\org\springframework\spring-core\3.0.4.RELEASE\spring-core-3.0.4.RELEASE.jar;C:\Documents and Settings\ahmed\.m2\repository\org\springframework\spring-expression\3.0.4.RELEASE\spring-expression-3.0.4.RELEASE.jar;C:\Documents and Settings\ahmed\.m2\repository\org\springframework\spring-jdbc\3.0.4.RELEASE\spring-jdbc-3.0.4.RELEASE.jar;C:\Documents and Settings\ahmed\.m2\repository\org\springframework\spring-orm\3.0.4.RELEASE\spring-orm-3.0.4.RELEASE.jar;C:\Documents and Settings\ahmed\.m2\repository\org\springframework\spring-tx\3.0.4.RELEASE\spring-tx-3.0.4.RELEASE.jar;C:\Documents and Settings\ahmed\.m2\repository\org\springframework\spring-web\3.0.4.RELEASE\spring-web-3.0.4.RELEASE.jar;C:\Documents and Settings\ahmed\.m2\repository\org\springframework\spring-webmvc\3.0.4.RELEASE\spring-webmvc-3.0.4.RELEASE.jar;C:\Documents and Settings\ahmed\.m2\repository\org\springframework\roo\org.springframework.roo.annotations\1.1.0.RELEASE\org.springframework.roo.annotations-1.1.0.RELEASE.jar;C:\Documents and Settings\ahmed\.m2\repository\org\springframework\webflow\spring-js\2.1.1.RELEASE\spring-js-2.1.1.RELEASE.jar;C:\Documents and Settings\ahmed\.m2\repository\org\springframework\webflow\spring-js-resources\2.2.0.RELEASE\spring-js-resources-2.2.0.RELEASE.jar;C:\Documents and Settings\ahmed\.m2\repository\xml-apis\xml-apis\1.0.b2\xml-apis-1.0.b2.jar;C:\Documents and Settings\ahmed\Documents\workspace-sts-2.5.1.RELEASE\iRAS\target\classes
-aspectpath
C:\Documents and Settings\ahmed\.m2\repository\org\springframework\spring-aspects\3.0.4.RELEASE\spring-aspects-3.0.4.RELEASE.jar
-d
C:\Documents and Settings\ahmed\Documents\workspace-sts-2.5.1.RELEASE\iRAS\target\classes
C:\Documents and Settings\ahmed\Documents\workspace-sts-2.5.1.RELEASE\iRAS\src\main\java\com\icraft\iras\web\UploadUsersSave.java
C:\Documents and Settings\ahmed\Documents\workspace-sts-2.5.1.RELEASE\iRAS\src\main\java\com\icraft\iras\web\SkillController_Roo_Controller.aj
C:\Documents and Settings\ahmed\Documents\workspace-sts-2.5.1.RELEASE\iRAS\src\main\java\com\icraft\iras\model\ResourceSkillLevel_Roo_Entity.aj
C:\Documents and Settings\ahmed\Documents\workspace-sts-2.5.1.RELEASE\iRAS\src\main\java\com\icraft\iras\web\UploadUsersController.java
C:\Documents and Settings\ahmed\Documents\workspace-sts-2.5.1.RELEASE\iRAS\src\main\java\com\icraft\iras\model\Lvl_Roo_Configurable.aj
C:\Documents and Settings\ahmed\Documents\workspace-sts-2.5.1.RELEASE\iRAS\src\main\java\com\icraft\iras\model\Lvl_Roo_ToString.aj
C:\Documents and Settings\ahmed\Documents\workspace-sts-2.5.1.RELEASE\iRAS\src\main\java\com\icraft\iras\model\ResourceSkillLevel_Roo_JavaBean.aj
C:\Documents and Settings\ahmed\Documents\workspace-sts-2.5.1.RELEASE\iRAS\src\main\java\com\icraft\iras\model\JobTitle_Roo_Entity.aj
C:\Documents and Settings\ahmed\Documents\workspace-sts-2.5.1.RELEASE\iRAS\src\main\java\com\icraft\iras\web\BatchUserUpload.java
C:\Documents and Settings\ahmed\Documents\workspace-sts-2.5.1.RELEASE\iRAS\src\main\java\com\icraft\iras\web\LoadCvs.java
C:\Documents and Settings\ahmed\Documents\workspace-sts-2.5.1.RELEASE\iRAS\src\main\java\com\icraft\iras\model\ResourceSkillLevel_Roo_ToString.aj
C:\Documents and Settings\ahmed\Documents\workspace-sts-2.5.1.RELEASE\iRAS\src\main\java\com\icraft\iras\model\Lvl.java
C:\Documents and Settings\ahmed\Documents\workspace-sts-2.5.1.RELEASE\iRAS\src\main\java\com\icraft\iras\web\LvlController.java
C:\Documents and Settings\ahmed\Documents\workspace-sts-2.5.1.RELEASE\iRAS\src\main\java\com\icraft\iras\model\Skill_Roo_Entity.aj
C:\Documents and Settings\ahmed\Documents\workspace-sts-2.5.1.RELEASE\iRAS\src\main\java\com\icraft\iras\model\Lvl_Roo_Entity.aj
C:\Documents and Settings\ahmed\Documents\workspace-sts-2.5.1.RELEASE\iRAS\src\main\java\com\icraft\iras\model\JobTitle.java
C:\Documents and Settings\ahmed\Documents\workspace-sts-2.5.1.RELEASE\iRAS\src\main\java\com\icraft\iras\model\Lvl_Roo_Finder.aj
C:\Documents and Settings\ahmed\Documents\workspace-sts-2.5.1.RELEASE\iRAS\src\main\java\com\icraft\iras\web\FindResourceController.java
C:\Documents and Settings\ahmed\Documents\workspace-sts-2.5.1.RELEASE\iRAS\src\main\java\com\icraft\iras\web\Csv.java
C:\Documents and Settings\ahmed\Documents\workspace-sts-2.5.1.RELEASE\iRAS\src\main\java\com\icraft\iras\web\ListToString.java
C:\Documents and Settings\ahmed\Documents\workspace-sts-2.5.1.RELEASE\iRAS\src\main\java\com\icraft\iras\web\SkillController.java
C:\Documents and Settings\ahmed\Documents\workspace-sts-2.5.1.RELEASE\iRAS\src\main\java\com\icraft\iras\model\JobTitle_Roo_ToString.aj
C:\Documents and Settings\ahmed\Documents\workspace-sts-2.5.1.RELEASE\iRAS\src\main\java\com\icraft\iras\model\Skill_Roo_JavaBean.aj
C:\Documents and Settings\ahmed\Documents\workspace-sts-2.5.1.RELEASE\iRAS\src\main\java\com\icraft\iras\model\JobTitle_Roo_JavaBean.aj
C:\Documents and Settings\ahmed\Documents\workspace-sts-2.5.1.RELEASE\iRAS\src\main\java\com\icraft\iras\model\JobTitle_Roo_Configurable.aj
C:\Documents and Settings\ahmed\Documents\workspace-sts-2.5.1.RELEASE\iRAS\src\main\java\com\icraft\iras\model\Car.java
C:\Documents and Settings\ahmed\Documents\workspace-sts-2.5.1.RELEASE\iRAS\src\main\java\com\icraft\iras\web\JobTitleController_Roo_Controller.aj
C:\Documents and Settings\ahmed\Documents\workspace-sts-2.5.1.RELEASE\iRAS\src\main\java\com\icraft\iras\model\OffshoreCalculator_Roo_JavaBean.aj
C:\Documents and Settings\ahmed\Documents\workspace-sts-2.5.1.RELEASE\iRAS\src\main\java\com\icraft\iras\model\ResourceSkillLevelId.java
C:\Documents and Settings\ahmed\Documents\workspace-sts-2.5.1.RELEASE\iRAS\src\main\java\com\icraft\iras\web\LvlController_Roo_Controller.aj
C:\Documents and Settings\ahmed\Documents\workspace-sts-2.5.1.RELEASE\iRAS\src\main\java\com\icraft\iras\model\Resource_Roo_Entity.aj
C:\Documents and Settings\ahmed\Documents\workspace-sts-2.5.1.RELEASE\iRAS\src\main\java\com\icraft\iras\web\ResourceController_Roo_Controller.aj
C:\Documents and Settings\ahmed\Documents\workspace-sts-2.5.1.RELEASE\iRAS\src\main\java\com\icraft\iras\model\Resource_Roo_Finder.aj
C:\Documents and Settings\ahmed\Documents\workspace-sts-2.5.1.RELEASE\iRAS\src\main\java\com\icraft\iras\model\Skill_Roo_Finder.aj
C:\Documents and Settings\ahmed\Documents\workspace-sts-2.5.1.RELEASE\iRAS\src\main\java\com\icraft\iras\model\Resource_Roo_JavaBean.aj
C:\Documents and Settings\ahmed\Documents\workspace-sts-2.5.1.RELEASE\iRAS\src\main\java\com\icraft\iras\model\Skill.java
C:\Documents and Settings\ahmed\Documents\workspace-sts-2.5.1.RELEASE\iRAS\src\main\java\com\icraft\iras\model\OffshoreCalculator.java
C:\Documents and Settings\ahmed\Documents\workspace-sts-2.5.1.RELEASE\iRAS\src\main\java\com\icraft\iras\model\Skill_Roo_ToString.aj
C:\Documents and Settings\ahmed\Documents\workspace-sts-2.5.1.RELEASE\iRAS\src\main\java\com\icraft\iras\model\ResourceSkillLevel_Roo_Configurable.aj
C:\Documents and Settings\ahmed\Documents\workspace-sts-2.5.1.RELEASE\iRAS\src\main\java\com\icraft\iras\model\ResourceSkillLevel.java
C:\Documents and Settings\ahmed\Documents\workspace-sts-2.5.1.RELEASE\iRAS\src\main\java\com\icraft\iras\model\ResourceSkill.java
C:\Documents and Settings\ahmed\Documents\workspace-sts-2.5.1.RELEASE\iRAS\src\main\java\com\icraft\iras\web\ResourceController.java
C:\Documents and Settings\ahmed\Documents\workspace-sts-2.5.1.RELEASE\iRAS\src\main\java\com\icraft\iras\web\SaveUsersController.java
C:\Documents and Settings\ahmed\Documents\workspace-sts-2.5.1.RELEASE\iRAS\src\main\java\com\icraft\iras\model\Resource_Roo_Configurable.aj
C:\Documents and Settings\ahmed\Documents\workspace-sts-2.5.1.RELEASE\iRAS\src\main\java\com\icraft\iras\web\OffshoreCalculatorController.java
C:\Documents and Settings\ahmed\Documents\workspace-sts-2.5.1.RELEASE\iRAS\src\main\java\com\icraft\iras\web\JobTitleController.java
C:\Documents and Settings\ahmed\Documents\workspace-sts-2.5.1.RELEASE\iRAS\src\main\java\com\icraft\iras\model\Lvl_Roo_JavaBean.aj
C:\Documents and Settings\ahmed\Documents\workspace-sts-2.5.1.RELEASE\iRAS\src\main\java\com\icraft\iras\model\Skill_Roo_Configurable.aj
C:\Documents and Settings\ahmed\Documents\workspace-sts-2.5.1.RELEASE\iRAS\src\main\java\com\icraft\iras\model\Resource.java
C:\Documents and Settings\ahmed\Documents\workspace-sts-2.5.1.RELEASE\iRAS\src\main\java\com\icraft\iras\web\UploadUsersController_Roo.aj
C:\Documents and Settings\ahmed\Documents\workspace-sts-2.5.1.RELEASE\iRAS\src\main\java\com\icraft\iras\model\Resource_Roo_ToString.aj
